Build started 2/4/2014 3:24:44 PM.
     1>Project "C:\Users\Student\Documents\GitHub\Sammy\Assessment 4\SamOGL\SamOGL\SamOGL.vcxproj" on node 2 (build target(s)).
     1>InitializeBuildStatus:
         Creating "Debug\SamOGL.unsuccessfulbuild" because "AlwaysCreate" was specified.
       ClCompile:
         C:\Program Files (x86)\Microsoft Visual Studio 10.0\VC\bin\CL.exe /c /ZI /nologo /W3 /WX- /Od /Oy- /D _MBCS /Gm /EHsc /RTC1 /MDd /GS /fp:precise /Zc:wchar_t /Zc:forScope /Fo"Debug\\" /Fd"Debug\vc100.pdb" /Gd /TP /analyze- /errorReport:prompt source\main.cpp source\Misc.cpp source\Shader.cpp source\Quad.cpp source\Sprite.cpp source\Texture.cpp
         Texture.cpp
     1>c:\users\student\documents\github\sammy\assessment 4\samogl\samogl\source\texture.cpp(19): warning C4996: 'fopen': This function or variable may be unsafe. Consider using fopen_s instead. To disable deprecation, use _CRT_SECURE_NO_WARNINGS. See online help for details.
                 c:\program files (x86)\microsoft visual studio 10.0\vc\include\stdio.h(234) : see declaration of 'fopen'
     1>c:\users\student\documents\github\sammy\assessment 4\samogl\samogl\source\texture.cpp(121): warning C4996: 'fopen': This function or variable may be unsafe. Consider using fopen_s instead. To disable deprecation, use _CRT_SECURE_NO_WARNINGS. See online help for details.
                 c:\program files (x86)\microsoft visual studio 10.0\vc\include\stdio.h(234) : see declaration of 'fopen'
         Sprite.cpp
         Quad.cpp
         Shader.cpp
         Misc.cpp
     1>c:\users\student\documents\github\sammy\assessment 4\samogl\samogl\include\gllog.h(10): warning C4996: 'fopen': This function or variable may be unsafe. Consider using fopen_s instead. To disable deprecation, use _CRT_SECURE_NO_WARNINGS. See online help for details.
                 c:\program files (x86)\microsoft visual studio 10.0\vc\include\stdio.h(234) : see declaration of 'fopen'
     1>c:\users\student\documents\github\sammy\assessment 4\samogl\samogl\include\gllog.h(17): warning C4996: 'ctime': This function or variable may be unsafe. Consider using ctime_s instead. To disable deprecation, use _CRT_SECURE_NO_WARNINGS. See online help for details.
                 c:\program files (x86)\microsoft visual studio 10.0\vc\include\time.inl(86) : see declaration of 'ctime'
     1>c:\users\student\documents\github\sammy\assessment 4\samogl\samogl\include\gllog.h(25): warning C4996: 'fopen': This function or variable may be unsafe. Consider using fopen_s instead. To disable deprecation, use _CRT_SECURE_NO_WARNINGS. See online help for details.
                 c:\program files (x86)\microsoft visual studio 10.0\vc\include\stdio.h(234) : see declaration of 'fopen'
     1>c:\users\student\documents\github\sammy\assessment 4\samogl\samogl\source\misc.cpp(35): warning C4996: 'sprintf': This function or variable may be unsafe. Consider using sprintf_s instead. To disable deprecation, use _CRT_SECURE_NO_WARNINGS. See online help for details.
                 c:\program files (x86)\microsoft visual studio 10.0\vc\include\stdio.h(371) : see declaration of 'sprintf'
     1>c:\users\student\documents\github\sammy\assessment 4\samogl\samogl\source\misc.cpp(55): warning C4996: 'sprintf': This function or variable may be unsafe. Consider using sprintf_s instead. To disable deprecation, use _CRT_SECURE_NO_WARNINGS. See online help for details.
                 c:\program files (x86)\microsoft visual studio 10.0\vc\include\stdio.h(371) : see declaration of 'sprintf'
         main.cpp
         Generating Code...
       Link:
         C:\Program Files (x86)\Microsoft Visual Studio 10.0\VC\bin\link.exe /ERRORREPORT:PROMPT /OUT:"C:\Users\Student\Documents\GitHub\Sammy\Assessment 4\SamOGL\Debug\SamOGL.exe" /NOLOGO glfw3.lib glew32.lib opengl32.lib SOIL.lib kernel32.lib user32.lib gdi32.lib winspool.lib comdlg32.lib advapi32.lib shell32.lib ole32.lib oleaut32.lib uuid.lib odbc32.lib odbccp32.lib /MANIFEST /ManifestFile:"Debug\SamOGL.exe.intermediate.manifest" /MANIFESTUAC:"level='asInvoker' uiAccess='false'" /DEBUG /PDB:"C:\Users\Student\Documents\GitHub\Sammy\Assessment 4\SamOGL\Debug\SamOGL.pdb" /TLBID:1 /DYNAMICBASE /NXCOMPAT /IMPLIB:"C:\Users\Student\Documents\GitHub\Sammy\Assessment 4\SamOGL\Debug\SamOGL.lib" /MACHINE:X86 Debug\main.obj
         Debug\Misc.obj
         Debug\Shader.obj
         Debug\Quad.obj
         Debug\Sprite.obj
         Debug\Texture.obj
         LINK : C:\Users\Student\Documents\GitHub\Sammy\Assessment 4\SamOGL\Debug\SamOGL.exe not found or not built by the last incremental link; performing full link
     1>LINK : warning LNK4098: defaultlib 'MSVCRT' conflicts with use of other libs; use /NODEFAULTLIB:library
     1>SOIL.lib(image_DXT.obj) : warning LNK4099: PDB 'vc100.pdb' was not found with 'SOIL.lib(image_DXT.obj)' or at 'C:\Users\Student\Documents\GitHub\Sammy\Assessment 4\SamOGL\Debug\vc100.pdb'; linking object as if no debug info
     1>SOIL.lib(image_helper.obj) : warning LNK4099: PDB 'vc100.pdb' was not found with 'SOIL.lib(image_helper.obj)' or at 'C:\Users\Student\Documents\GitHub\Sammy\Assessment 4\SamOGL\Debug\vc100.pdb'; linking object as if no debug info
     1>SOIL.lib(SOIL.obj) : warning LNK4099: PDB 'vc100.pdb' was not found with 'SOIL.lib(SOIL.obj)' or at 'C:\Users\Student\Documents\GitHub\Sammy\Assessment 4\SamOGL\Debug\vc100.pdb'; linking object as if no debug info
     1>SOIL.lib(stb_image_aug.obj) : warning LNK4099: PDB 'vc100.pdb' was not found with 'SOIL.lib(stb_image_aug.obj)' or at 'C:\Users\Student\Documents\GitHub\Sammy\Assessment 4\SamOGL\Debug\vc100.pdb'; linking object as if no debug info
         SamOGL.vcxproj -> C:\Users\Student\Documents\GitHub\Sammy\Assessment 4\SamOGL\Debug\SamOGL.exe
       Manifest:
         C:\Program Files (x86)\Microsoft SDKs\Windows\v7.0A\bin\mt.exe /nologo /verbose /outputresource:"C:\Users\Student\Documents\GitHub\Sammy\Assessment 4\SamOGL\Debug\SamOGL.exe;#1" /manifest Debug\SamOGL.exe.intermediate.manifest
       FinalizeBuildStatus:
         Deleting file "Debug\SamOGL.unsuccessfulbuild".
         Touching "Debug\SamOGL.lastbuildstate".
     1>Done Building Project "C:\Users\Student\Documents\GitHub\Sammy\Assessment 4\SamOGL\SamOGL\SamOGL.vcxproj" (build target(s)).

Build succeeded.

Time Elapsed 00:00:03.82
